Using pre-set license
Built from '2022.3/china_unity/release' branch; Version is '2022.3.14f1c1 (25540d4d24fc) revision 2446349'; Using compiler version '192829333'; Build Type 'Release'
OS: 'Windows 11  (10.0.22631) 64bit CoreCountrySpecific' Language: 'zh' Physical Memory: 16112 MB
BatchMode: 1, IsHumanControllingUs: 0, StartBugReporterOnCrash: 0, Is64bit: 1, IsPro: 1

COMMAND LINE ARGUMENTS:
D:\2022.3.14f1c1\Editor\Unity.exe
-adb2
-batchMode
-noUpm
-name
AssetImportWorker3
-projectPath
D:/maze game
-logFile
Logs/AssetImportWorker3.log
-srvPort
62424
Successfully changed project path to: D:/maze game
D:/maze game
[UnityMemory] Configuration Parameters - Can be set up in boot.config
    "memorysetup-bucket-allocator-granularity=16"
    "memorysetup-bucket-allocator-bucket-count=8"
    "memorysetup-bucket-allocator-block-size=33554432"
    "memorysetup-bucket-allocator-block-count=8"
    "memorysetup-main-allocator-block-size=16777216"
    "memorysetup-thread-allocator-block-size=16777216"
    "memorysetup-gfx-main-allocator-block-size=16777216"
    "memorysetup-gfx-thread-allocator-block-size=16777216"
    "memorysetup-cache-allocator-block-size=4194304"
    "memorysetup-typetree-allocator-block-size=2097152"
    "memorysetup-profiler-bucket-allocator-granularity=16"
    "memorysetup-profiler-bucket-allocator-bucket-count=8"
    "memorysetup-profiler-bucket-allocator-block-size=33554432"
    "memorysetup-profiler-bucket-allocator-block-count=8"
    "memorysetup-profiler-allocator-block-size=16777216"
    "memorysetup-profiler-editor-allocator-block-size=1048576"
    "memorysetup-temp-allocator-size-main=16777216"
    "memorysetup-job-temp-allocator-block-size=2097152"
    "memorysetup-job-temp-allocator-block-size-background=1048576"
    "memorysetup-job-temp-allocator-reduction-small-platforms=262144"
    "memorysetup-allocator-temp-initial-block-size-main=262144"
    "memorysetup-allocator-temp-initial-block-size-worker=262144"
    "memorysetup-temp-allocator-size-background-worker=32768"
    "memorysetup-temp-allocator-size-job-worker=262144"
    "memorysetup-temp-allocator-size-preload-manager=33554432"
    "memorysetup-temp-allocator-size-nav-mesh-worker=65536"
    "memorysetup-temp-allocator-size-audio-worker=65536"
    "memorysetup-temp-allocator-size-cloud-worker=32768"
    "memorysetup-temp-allocator-size-gi-baking-worker=262144"
    "memorysetup-temp-allocator-size-gfx=262144"
Player connection [34964] Host "[IP] 10.33.25.19 [Port] 0 [Flags] 2 [Guid] 3141255504 [EditorId] 3141255504 [Version] 1048832 [Id] WindowsEditor(7,gaiyin64) [Debug] 1 [PackageName] WindowsEditor [ProjectName] Editor" joined multi-casting on [225.0.0.222:54997]...

Player connection [34964] Host "[IP] 10.33.25.19 [Port] 0 [Flags] 2 [Guid] 3141255504 [EditorId] 3141255504 [Version] 1048832 [Id] WindowsEditor(7,gaiyin64) [Debug] 1 [PackageName] WindowsEditor [ProjectName] Editor" joined alternative multi-casting on [225.0.0.222:34997]...

[Physics::Module] Initialized MultithreadedJobDispatcher with 23 workers.
Refreshing native plugins compatible for Editor in 6.87 ms, found 3 plugins.
Preloading 0 native plugins for Editor in 0.00 ms.
Initialize engine version: 2022.3.14f1c1 (25540d4d24fc)
[Subsystems] Discovering subsystems at path D:/2022.3.14f1c1/Editor/Data/Resources/UnitySubsystems
[Subsystems] Discovering subsystems at path D:/maze game/Assets
GfxDevice: creating device client; threaded=0; jobified=0
Direct3D:
    Version:  Direct3D 11.0 [level 11.1]
    Renderer: NVIDIA GeForce RTX 4060 Laptop GPU (ID=0x28a0)
    Vendor:   NVIDIA
    VRAM:     7971 MB
    Driver:   31.0.15.3179
Initialize mono
Mono path[0] = 'D:/2022.3.14f1c1/Editor/Data/Managed'
Mono path[1] = 'D:/2022.3.14f1c1/Editor/Data/MonoBleedingEdge/lib/mono/unityjit-win32'
Mono config path = 'D:/2022.3.14f1c1/Editor/Data/MonoBleedingEdge/etc'
Using monoOptions --debugger-agent=transport=dt_socket,embedding=1,server=y,suspend=n,address=127.0.0.1:56764
Begin MonoManager ReloadAssembly
Registering precompiled unity dll's ...
Register platform support module: D:/2022.3.14f1c1/Editor/Data/PlaybackEngines/AndroidPlayer/UnityEditor.Android.Extensions.dll
Register platform support module: D:/2022.3.14f1c1/Editor/Data/PlaybackEngines/iOSSupport/UnityEditor.iOS.Extensions.dll
Register platform support module: D:/2022.3.14f1c1/Editor/Data/PlaybackEngines/WindowsStandaloneSupport/UnityEditor.WindowsStandalone.Extensions.dll
Registered in 0.004574 seconds.
- Loaded All Assemblies, in  0.245 seconds
Native extension for WindowsStandalone target not found
[usbmuxd] Start listen thread
[usbmuxd] Listen thread started
Native extension for iOS target not found
Native extension for Android target not found
Android Extension - Scanning For ADB Devices 211 ms
Mono: successfully reloaded assembly
- Finished resetting the current domain, in  0.455 seconds
Domain Reload Profiling: 699ms
	BeginReloadAssembly (75ms)
		ExecutionOrderSort (0ms)
		DisableScriptedObjects (0ms)
		BackupInstance (0ms)
		ReleaseScriptingObjects (0ms)
		CreateAndSetChildDomain (1ms)
	RebuildCommonClasses (22ms)
	RebuildNativeTypeToScriptingClass (7ms)
	initialDomainReloadingComplete (38ms)
	LoadAllAssembliesAndSetupDomain (102ms)
		LoadAssemblies (74ms)
		RebuildTransferFunctionScriptingTraits (0ms)
		AnalyzeDomain (99ms)
			TypeCache.Refresh (98ms)
				TypeCache.ScanAssembly (89ms)
			ScanForSourceGeneratedMonoScriptInfo (0ms)
			ResolveRequiredComponents (0ms)
	FinalizeReload (455ms)
		ReleaseScriptCaches (0ms)
		RebuildScriptCaches (0ms)
		SetupLoadedEditorAssemblies (413ms)
			LogAssemblyErrors (0ms)
			InitializePlatformSupportModulesInManaged (302ms)
			SetLoadedEditorAssemblies (3ms)
			RefreshPlugins (0ms)
			BeforeProcessingInitializeOnLoad (2ms)
			ProcessInitializeOnLoadAttributes (72ms)
			ProcessInitializeOnLoadMethodAttributes (34ms)
			AfterProcessingInitializeOnLoad (0ms)
			EditorAssembliesLoaded (0ms)
		ExecutionOrderSort2 (0ms)
		AwakeInstancesAfterBackupRestoration (0ms)
========================================================================
Worker process is ready to serve import requests
Begin MonoManager ReloadAssembly
- Loaded All Assemblies, in  0.414 seconds
Refreshing native plugins compatible for Editor in 2.08 ms, found 3 plugins.
Native extension for WindowsStandalone target not found
Native extension for iOS target not found
Native extension for Android target not found
Package Manager log level set to [2]
[Package Manager] Server::EnsureServerProcessIsRunning -- launch failed, reason: Unity was launched with the -noUpm command-line argument
[Package Manager] UpmClient::Send -- Unable to send message (not connected to UPM process).
[Package Manager] Cannot connect to Unity Package Manager local server
Mono: successfully reloaded assembly
- Finished resetting the current domain, in  0.414 seconds
Domain Reload Profiling: 827ms
	BeginReloadAssembly (100ms)
		ExecutionOrderSort (0ms)
		DisableScriptedObjects (3ms)
		BackupInstance (0ms)
		ReleaseScriptingObjects (0ms)
		CreateAndSetChildDomain (16ms)
	RebuildCommonClasses (22ms)
	RebuildNativeTypeToScriptingClass (7ms)
	initialDomainReloadingComplete (27ms)
	LoadAllAssembliesAndSetupDomain (258ms)
		LoadAssemblies (189ms)
		RebuildTransferFunctionScriptingTraits (0ms)
		AnalyzeDomain (126ms)
			TypeCache.Refresh (111ms)
				TypeCache.ScanAssembly (99ms)
			ScanForSourceGeneratedMonoScriptInfo (11ms)
			ResolveRequiredComponents (3ms)
	FinalizeReload (414ms)
		ReleaseScriptCaches (0ms)
		RebuildScriptCaches (0ms)
		SetupLoadedEditorAssemblies (297ms)
			LogAssemblyErrors (0ms)
			InitializePlatformSupportModulesInManaged (28ms)
			SetLoadedEditorAssemblies (3ms)
			RefreshPlugins (0ms)
			BeforeProcessingInitializeOnLoad (40ms)
			ProcessInitializeOnLoadAttributes (208ms)
			ProcessInitializeOnLoadMethodAttributes (16ms)
			AfterProcessingInitializeOnLoad (3ms)
			EditorAssembliesLoaded (0ms)
		ExecutionOrderSort2 (0ms)
		AwakeInstancesAfterBackupRestoration (5ms)
Launched and connected shader compiler UnityShaderCompiler.exe after 0.04 seconds
Refreshing native plugins compatible for Editor in 4.19 ms, found 3 plugins.
Preloading 0 native plugins for Editor in 0.00 ms.
Unloading 3127 Unused Serialized files (Serialized files now loaded: 0)
Unloading 32 unused Assets / (57.1 KB). Loaded Objects now: 3613.
Memory consumption went from 146.3 MB to 146.3 MB.
Total: 4.108700 ms (FindLiveObjects: 0.248000 ms CreateObjectMapping: 0.159300 ms MarkObjects: 3.550200 ms  DeleteObjects: 0.149400 ms)

AssetImportParameters requested are different than current active one (requested -> active):
  custom:container-demuxer-ogg: 62fdf1f143b41e24485cea50d1cbac27 -> 
  custom:video-codec-MediaFoundation-h265: 746d11721c4dcdbdad8f713fa42b33f4 -> 
  custom:video-decoder-ogg-theora: a1e56fd34408186e4bbccfd4996cb3dc -> 
  custom:framework-win-MediaFoundation: 216162199b28c13a410421893ffa2e32 -> 
  custom:container-demuxer-webm: 4f35f7cbe854078d1ac9338744f61a02 -> 
  custom:container-muxer-webm: aa71ff27fc2769a1b78a27578f13a17b -> 
  custom:video-decoder-webm-vp8: 9c59270c3fd7afecdb556c50c9e8de78 -> 
  custom:AudioImporter_EditorPlatform: d09bf68614088b80899f8185d706f6e7 -> 
  custom:video-encoder-webm-vp8: eb34c28f22e8b96e1ab97ce403110664 -> 
  custom:audio-decoder-ogg-vorbis: bf7c407c2cedff20999df2af8eb42d56 -> 
  custom:audio-encoder-webm-vorbis: bf7c407c2cedff20999df2af8eb42d56 -> 
========================================================================
Received Prepare
Refreshing native plugins compatible for Editor in 3.41 ms, found 3 plugins.
Preloading 0 native plugins for Editor in 0.00 ms.
Unloading 1 Unused Serialized files (Serialized files now loaded: 0)
Unloading 3 unused Assets / (6.1 KB). Loaded Objects now: 3611.
Memory consumption went from 96.0 MB to 96.0 MB.
Total: 3.776600 ms (FindLiveObjects: 0.253800 ms CreateObjectMapping: 0.201700 ms MarkObjects: 3.266800 ms  DeleteObjects: 0.052600 ms)

Prepare: number of updated asset objects reloaded= 0
AssetImportParameters requested are different than current active one (requested -> active):
  custom:container-demuxer-ogg: 62fdf1f143b41e24485cea50d1cbac27 -> 
  custom:video-codec-MediaFoundation-h265: 746d11721c4dcdbdad8f713fa42b33f4 -> 
  custom:video-decoder-ogg-theora: a1e56fd34408186e4bbccfd4996cb3dc -> 
  custom:framework-win-MediaFoundation: 216162199b28c13a410421893ffa2e32 -> 
  custom:CustomObjectIndexerAttribute: 756ad292c208cfabdd7b50bc23989ffe -> 
  custom:container-demuxer-webm: 4f35f7cbe854078d1ac9338744f61a02 -> 
  custom:container-muxer-webm: aa71ff27fc2769a1b78a27578f13a17b -> 
  custom:video-decoder-webm-vp8: 9c59270c3fd7afecdb556c50c9e8de78 -> 
  custom:SearchIndexIgnoredProperties: e643bd26f0fe6173181afceb89e7c659 -> 
  custom:AudioImporter_EditorPlatform: d09bf68614088b80899f8185d706f6e7 -> 
  custom:video-encoder-webm-vp8: eb34c28f22e8b96e1ab97ce403110664 -> 
  custom:audio-decoder-ogg-vorbis: bf7c407c2cedff20999df2af8eb42d56 -> 
  custom:audio-encoder-webm-vorbis: bf7c407c2cedff20999df2af8eb42d56 -> 
========================================================================
Received Prepare
Begin MonoManager ReloadAssembly
IOException: Sharing violation on path D:\maze game\ProjectSettings\Packages\com.unity.testtools.codecoverage\Settings.json
  at System.IO.FileStream..ctor (System.String path, System.IO.FileMode mode, System.IO.FileAccess access, System.IO.FileShare share, System.Int32 bufferSize, System.Boolean anonymous, System.IO.FileOptions options) [0x0019e] in <a3b02d6f9b494355b946095ea1f25c54>:0 
  at System.IO.FileStream..ctor (System.String path, System.IO.FileMode mode, System.IO.FileAccess access, System.IO.FileShare share, System.Int32 bufferSize, System.IO.FileOptions options) [0x00000] in <a3b02d6f9b494355b946095ea1f25c54>:0 
  at (wrapper remoting-invoke-with-check) System.IO.FileStream..ctor(string,System.IO.FileMode,System.IO.FileAccess,System.IO.FileShare,int,System.IO.FileOptions)
  at System.IO.StreamWriter..ctor (System.String path, System.Boolean append, System.Text.Encoding encoding, System.Int32 bufferSize) [0x00055] in <a3b02d6f9b494355b946095ea1f25c54>:0 
  at System.IO.StreamWriter..ctor (System.String path) [0x00008] in <a3b02d6f9b494355b946095ea1f25c54>:0 
  at (wrapper remoting-invoke-with-check) System.IO.StreamWriter..ctor(string)
  at System.IO.File.WriteAllText (System.String path, System.String contents) [0x00026] in <a3b02d6f9b494355b946095ea1f25c54>:0 
  at UnityEditor.SettingsManagement.FileSettingsRepository.Save () [0x000e2] in .\Library\PackageCache\com.unity.settings-manager@2.0.1\Editor\FileSettingsRepository.cs:154 
  at UnityEditor.AssemblyReloadEvents.OnBeforeAssemblyReload () [0x00017] in <227afaeeb5894c00b1d9aa4278f87f8c>:0 

(Filename: ./Library/PackageCache/com.unity.settings-manager@2.0.1/Editor/FileSettingsRepository.cs Line: 154)

- Loaded All Assemblies, in  0.387 seconds
Refreshing native plugins compatible for Editor in 2.59 ms, found 3 plugins.
Native extension for WindowsStandalone target not found
Native extension for iOS target not found
Native extension for Android target not found
[Package Manager] Server::EnsureServerProcessIsRunning -- launch failed, reason: Unity was launched with the -noUpm command-line argument
[Package Manager] UpmClient::Send -- Unable to send message (not connected to UPM process).
[Package Manager] Cannot connect to Unity Package Manager local server
Mono: successfully reloaded assembly
- Finished resetting the current domain, in  1.083 seconds
Domain Reload Profiling: 1467ms
	BeginReloadAssembly (135ms)
		ExecutionOrderSort (0ms)
		DisableScriptedObjects (4ms)
		BackupInstance (0ms)
		ReleaseScriptingObjects (0ms)
		CreateAndSetChildDomain (28ms)
	RebuildCommonClasses (30ms)
	RebuildNativeTypeToScriptingClass (9ms)
	initialDomainReloadingComplete (26ms)
	LoadAllAssembliesAndSetupDomain (184ms)
		LoadAssemblies (237ms)
		RebuildTransferFunctionScriptingTraits (0ms)
		AnalyzeDomain (17ms)
			TypeCache.Refresh (7ms)
				TypeCache.ScanAssembly (0ms)
			ScanForSourceGeneratedMonoScriptInfo (5ms)
			ResolveRequiredComponents (3ms)
	FinalizeReload (1083ms)
		ReleaseScriptCaches (0ms)
		RebuildScriptCaches (0ms)
		SetupLoadedEditorAssemblies (314ms)
			LogAssemblyErrors (0ms)
			InitializePlatformSupportModulesInManaged (31ms)
			SetLoadedEditorAssemblies (4ms)
			RefreshPlugins (0ms)
			BeforeProcessingInitializeOnLoad (47ms)
			ProcessInitializeOnLoadAttributes (211ms)
			ProcessInitializeOnLoadMethodAttributes (17ms)
			AfterProcessingInitializeOnLoad (4ms)
			EditorAssembliesLoaded (0ms)
		ExecutionOrderSort2 (0ms)
		AwakeInstancesAfterBackupRestoration (6ms)
Refreshing native plugins compatible for Editor in 5.75 ms, found 3 plugins.
Preloading 0 native plugins for Editor in 0.00 ms.
Unloading 3117 Unused Serialized files (Serialized files now loaded: 0)
Unloading 23 unused Assets / (31.1 KB). Loaded Objects now: 3614.
Memory consumption went from 144.1 MB to 144.1 MB.
Total: 3.545900 ms (FindLiveObjects: 0.242300 ms CreateObjectMapping: 0.138600 ms MarkObjects: 3.086500 ms  DeleteObjects: 0.076500 ms)

Prepare: number of updated asset objects reloaded= 0
AssetImportParameters requested are different than current active one (requested -> active):
  custom:container-demuxer-ogg: 62fdf1f143b41e24485cea50d1cbac27 -> 
  custom:video-codec-MediaFoundation-h265: 746d11721c4dcdbdad8f713fa42b33f4 -> 
  custom:video-decoder-ogg-theora: a1e56fd34408186e4bbccfd4996cb3dc -> 
  custom:framework-win-MediaFoundation: 216162199b28c13a410421893ffa2e32 -> 
  custom:CustomObjectIndexerAttribute: 756ad292c208cfabdd7b50bc23989ffe -> 
  custom:container-demuxer-webm: 4f35f7cbe854078d1ac9338744f61a02 -> 
  custom:container-muxer-webm: aa71ff27fc2769a1b78a27578f13a17b -> 
  custom:video-decoder-webm-vp8: 9c59270c3fd7afecdb556c50c9e8de78 -> 
  custom:SearchIndexIgnoredProperties: e643bd26f0fe6173181afceb89e7c659 -> 
  custom:AudioImporter_EditorPlatform: d09bf68614088b80899f8185d706f6e7 -> 
  custom:video-encoder-webm-vp8: eb34c28f22e8b96e1ab97ce403110664 -> 
  custom:audio-decoder-ogg-vorbis: bf7c407c2cedff20999df2af8eb42d56 -> 
  custom:audio-encoder-webm-vorbis: bf7c407c2cedff20999df2af8eb42d56 -> 
========================================================================
Received Import Request.
  Time since last request: 260176.253698 seconds.
  path: Assets/_TerrainAutoUpgrade/layer_AsphaltRoad1_6AsphaltRoad1_1NM3d1cca0d6d0e9938.terrainlayer
  artifactKey: Guid(8d1bc84e75735b846a1e9f0c4e218f31) Importer(815301076,1909f56bfc062723c751e8b465ee728b)
Start importing Assets/_TerrainAutoUpgrade/layer_AsphaltRoad1_6AsphaltRoad1_1NM3d1cca0d6d0e9938.terrainlayer using Guid(8d1bc84e75735b846a1e9f0c4e218f31) Importer(815301076,1909f56bfc062723c751e8b465ee728b)  -> (artifact id: 'c5a6ac389637ae5f443f336594b19daa') in 0.033696 seconds
Number of updated asset objects reloaded before import = 0
Number of asset objects unloaded after import = 1
========================================================================
Received Import Request.
  Time since last request: 0.000044 seconds.
  path: Assets/_TerrainAutoUpgrade/layer_TileFloor06OldTileFloor06NMOld793646612c42751.terrainlayer
  artifactKey: Guid(d6411197effb92744bf5ed6c38744ad8) Importer(815301076,1909f56bfc062723c751e8b465ee728b)
Start importing Assets/_TerrainAutoUpgrade/layer_TileFloor06OldTileFloor06NMOld793646612c42751.terrainlayer using Guid(d6411197effb92744bf5ed6c38744ad8) Importer(815301076,1909f56bfc062723c751e8b465ee728b)  -> (artifact id: 'ac44a07994d7c88312001fd43e964e28') in 0.002481 seconds
Number of updated asset objects reloaded before import = 0
Number of asset objects unloaded after import = 1
========================================================================
Received Import Request.
  Time since last request: 0.000028 seconds.
  path: Assets/_TerrainAutoUpgrade/layer_AsphaltRoad1_7AsphaltRoad1_1NM3ced27d02828696c.terrainlayer
  artifactKey: Guid(9d5557534fc8c3b4ca1d507c74311251) Importer(815301076,1909f56bfc062723c751e8b465ee728b)
Start importing Assets/_TerrainAutoUpgrade/layer_AsphaltRoad1_7AsphaltRoad1_1NM3ced27d02828696c.terrainlayer using Guid(9d5557534fc8c3b4ca1d507c74311251) Importer(815301076,1909f56bfc062723c751e8b465ee728b)  -> (artifact id: '9824a06bdf6f775cf611959b7aacf8a5') in 0.002212 seconds
Number of updated asset objects reloaded before import = 0
Number of asset objects unloaded after import = 1
========================================================================
Received Prepare
Begin MonoManager ReloadAssembly
- Loaded All Assemblies, in  1.750 seconds
Refreshing native plugins compatible for Editor in 2.48 ms, found 3 plugins.
Native extension for WindowsStandalone target not found
Native extension for iOS target not found
Native extension for Android target not found
[Package Manager] Server::EnsureServerProcessIsRunning -- launch failed, reason: Unity was launched with the -noUpm command-line argument
[Package Manager] UpmClient::Send -- Unable to send message (not connected to UPM process).
[Package Manager] Cannot connect to Unity Package Manager local server
Mono: successfully reloaded assembly
- Finished resetting the current domain, in  7.889 seconds
Domain Reload Profiling: 9637ms
	BeginReloadAssembly (113ms)
		ExecutionOrderSort (0ms)
		DisableScriptedObjects (4ms)
		BackupInstance (0ms)
		ReleaseScriptingObjects (0ms)
		CreateAndSetChildDomain (26ms)
	RebuildCommonClasses (22ms)
	RebuildNativeTypeToScriptingClass (7ms)
	initialDomainReloadingComplete (19ms)
	LoadAllAssembliesAndSetupDomain (1588ms)
		LoadAssemblies (1631ms)
		RebuildTransferFunctionScriptingTraits (0ms)
		AnalyzeDomain (15ms)
			TypeCache.Refresh (7ms)
				TypeCache.ScanAssembly (0ms)
			ScanForSourceGeneratedMonoScriptInfo (4ms)
			ResolveRequiredComponents (3ms)
	FinalizeReload (7889ms)
		ReleaseScriptCaches (0ms)
		RebuildScriptCaches (0ms)
		SetupLoadedEditorAssemblies (261ms)
			LogAssemblyErrors (0ms)
			InitializePlatformSupportModulesInManaged (27ms)
			SetLoadedEditorAssemblies (3ms)
			RefreshPlugins (0ms)
			BeforeProcessingInitializeOnLoad (39ms)
			ProcessInitializeOnLoadAttributes (173ms)
			ProcessInitializeOnLoadMethodAttributes (15ms)
			AfterProcessingInitializeOnLoad (3ms)
			EditorAssembliesLoaded (0ms)
		ExecutionOrderSort2 (0ms)
		AwakeInstancesAfterBackupRestoration (6ms)
Refreshing native plugins compatible for Editor in 2.41 ms, found 3 plugins.
Preloading 0 native plugins for Editor in 0.00 ms.
Unloading 3118 Unused Serialized files (Serialized files now loaded: 0)
Unloading 23 unused Assets / (31.1 KB). Loaded Objects now: 3621.
Memory consumption went from 147.9 MB to 147.9 MB.
Total: 2.567300 ms (FindLiveObjects: 0.196600 ms CreateObjectMapping: 0.084400 ms MarkObjects: 2.238000 ms  DeleteObjects: 0.046900 ms)

Prepare: number of updated asset objects reloaded= 0
AssetImportParameters requested are different than current active one (requested -> active):
  custom:container-demuxer-ogg: 62fdf1f143b41e24485cea50d1cbac27 -> 
  custom:video-codec-MediaFoundation-h265: 746d11721c4dcdbdad8f713fa42b33f4 -> 
  custom:video-decoder-ogg-theora: a1e56fd34408186e4bbccfd4996cb3dc -> 
  custom:framework-win-MediaFoundation: 216162199b28c13a410421893ffa2e32 -> 
  custom:CustomObjectIndexerAttribute: 756ad292c208cfabdd7b50bc23989ffe -> 
  custom:container-demuxer-webm: 4f35f7cbe854078d1ac9338744f61a02 -> 
  custom:container-muxer-webm: aa71ff27fc2769a1b78a27578f13a17b -> 
  custom:video-decoder-webm-vp8: 9c59270c3fd7afecdb556c50c9e8de78 -> 
  custom:SearchIndexIgnoredProperties: e643bd26f0fe6173181afceb89e7c659 -> 
  custom:AudioImporter_EditorPlatform: d09bf68614088b80899f8185d706f6e7 -> 
  custom:video-encoder-webm-vp8: eb34c28f22e8b96e1ab97ce403110664 -> 
  custom:audio-decoder-ogg-vorbis: bf7c407c2cedff20999df2af8eb42d56 -> 
  custom:audio-encoder-webm-vorbis: bf7c407c2cedff20999df2af8eb42d56 -> 
========================================================================
Received Import Request.
  Time since last request: 332.376756 seconds.
  path: Assets/TirGames/SchoolScene/Scenes/SchoolSceneAbandoned/Lightmap-0_comp_dir.png
  artifactKey: Guid(4a40d82af62d86f49a2ba6de83c1398a) Importer(815301076,1909f56bfc062723c751e8b465ee728b)
Start importing Assets/TirGames/SchoolScene/Scenes/SchoolSceneAbandoned/Lightmap-0_comp_dir.png using Guid(4a40d82af62d86f49a2ba6de83c1398a) Importer(815301076,1909f56bfc062723c751e8b465ee728b)  -> (artifact id: 'd23ea1592ff14ffea8676e9915d50f85') in 0.054987 seconds
Number of updated asset objects reloaded before import = 0
Number of asset objects unloaded after import = 2
========================================================================
Received Import Request.
  Time since last request: 0.000015 seconds.
  path: Assets/TirGames/SchoolScene/Scenes/SchoolSceneAbandoned/ReflectionProbe-34.exr
  artifactKey: Guid(f663d3c12d79e3d40bc4be0c1097a22a) Importer(815301076,1909f56bfc062723c751e8b465ee728b)
Start importing Assets/TirGames/SchoolScene/Scenes/SchoolSceneAbandoned/ReflectionProbe-34.exr using Guid(f663d3c12d79e3d40bc4be0c1097a22a) Importer(815301076,1909f56bfc062723c751e8b465ee728b)  -> (artifact id: 'db552fdfacd002004057502970503760') in 0.053745 seconds
Number of updated asset objects reloaded before import = 0
Number of asset objects unloaded after import = 1
========================================================================
Received Import Request.
  Time since last request: 0.000025 seconds.
  path: Assets/TirGames/SchoolScene/Scenes/SchoolSceneAbandoned/ReflectionProbe-16.png
  artifactKey: Guid(8ff85ec4cc77a4148a5d680542621642) Importer(815301076,1909f56bfc062723c751e8b465ee728b)
Start importing Assets/TirGames/SchoolScene/Scenes/SchoolSceneAbandoned/ReflectionProbe-16.png using Guid(8ff85ec4cc77a4148a5d680542621642) Importer(815301076,1909f56bfc062723c751e8b465ee728b)  -> (artifact id: '046a57706bb49aa2004f62808e519b8d') in 0.015967 seconds
Number of updated asset objects reloaded before import = 0
Number of asset objects unloaded after import = 1
========================================================================
Received Import Request.
  Time since last request: 0.000030 seconds.
  path: Assets/TirGames/SchoolScene/Scenes/SchoolSceneAbandoned/ReflectionProbe-26.exr
  artifactKey: Guid(dc9155e28beed5342a2ade07336c29b7) Importer(815301076,1909f56bfc062723c751e8b465ee728b)
Start importing Assets/TirGames/SchoolScene/Scenes/SchoolSceneAbandoned/ReflectionProbe-26.exr using Guid(dc9155e28beed5342a2ade07336c29b7) Importer(815301076,1909f56bfc062723c751e8b465ee728b)  -> (artifact id: '89bb8e771f6fced28664920f2ea41451') in 0.017349 seconds
Number of updated asset objects reloaded before import = 0
Number of asset objects unloaded after import = 1
========================================================================
Received Import Request.
  Time since last request: 0.000106 seconds.
  path: Assets/TirGames/SchoolScene/Scenes/SchoolSceneAbandoned/Lightmap-3_comp_dir.png
  artifactKey: Guid(fd9ce9801933c454182ecc48d8f93f60) Importer(815301076,1909f56bfc062723c751e8b465ee728b)
Start importing Assets/TirGames/SchoolScene/Scenes/SchoolSceneAbandoned/Lightmap-3_comp_dir.png using Guid(fd9ce9801933c454182ecc48d8f93f60) Importer(815301076,1909f56bfc062723c751e8b465ee728b)  -> (artifact id: '043d10485e6748aa5319aac8259ee220') in 0.019617 seconds
Number of updated asset objects reloaded before import = 0
Number of asset objects unloaded after import = 2
========================================================================
Received Import Request.
  Time since last request: 0.000017 seconds.
  path: Assets/TirGames/SchoolScene/Scenes/SchoolSceneAbandoned/Lightmap-9_comp_light.exr
  artifactKey: Guid(8a81ffe9b07b95b4885d4fc97f6c2212) Importer(815301076,1909f56bfc062723c751e8b465ee728b)
Start importing Assets/TirGames/SchoolScene/Scenes/SchoolSceneAbandoned/Lightmap-9_comp_light.exr using Guid(8a81ffe9b07b95b4885d4fc97f6c2212) Importer(815301076,1909f56bfc062723c751e8b465ee728b)  -> (artifact id: '1fc043376b6da12061723d79991b40ea') in 0.023255 seconds
Number of updated asset objects reloaded before import = 0
Number of asset objects unloaded after import = 2
========================================================================
Received Import Request.
  Time since last request: 0.000016 seconds.
  path: Assets/TirGames/SchoolScene/Scenes/SchoolSceneAbandoned/Lightmap-8_comp_dir.png
  artifactKey: Guid(197b32c96905e7a4c8b4352f1edef6d3) Importer(815301076,1909f56bfc062723c751e8b465ee728b)
Start importing Assets/TirGames/SchoolScene/Scenes/SchoolSceneAbandoned/Lightmap-8_comp_dir.png using Guid(197b32c96905e7a4c8b4352f1edef6d3) Importer(815301076,1909f56bfc062723c751e8b465ee728b)  -> (artifact id: 'd16d025990141161cacedfad5bfd9326') in 0.023327 seconds
Number of updated asset objects reloaded before import = 0
Number of asset objects unloaded after import = 2
========================================================================
Received Import Request.
  Time since last request: 0.000063 seconds.
  path: Assets/TirGames/SchoolScene/Scenes/SchoolSceneAbandoned/Lightmap-10_comp_dir.png
  artifactKey: Guid(161ac42101920554da2ec238e02ad0c0) Importer(815301076,1909f56bfc062723c751e8b465ee728b)
Start importing Assets/TirGames/SchoolScene/Scenes/SchoolSceneAbandoned/Lightmap-10_comp_dir.png using Guid(161ac42101920554da2ec238e02ad0c0) Importer(815301076,1909f56bfc062723c751e8b465ee728b)  -> (artifact id: '65453ab83bccb532b8fbcb9af811a604') in 0.038001 seconds
Number of updated asset objects reloaded before import = 0
Number of asset objects unloaded after import = 2
========================================================================
Received Import Request.
  Time since last request: 0.000103 seconds.
  path: Assets/TirGames/SchoolScene/Scenes/SchoolSceneAbandoned/Lightmap-7_comp_dir.png
  artifactKey: Guid(2dde94925e754c14bb1a83e6d53a406f) Importer(815301076,1909f56bfc062723c751e8b465ee728b)
Start importing Assets/TirGames/SchoolScene/Scenes/SchoolSceneAbandoned/Lightmap-7_comp_dir.png using Guid(2dde94925e754c14bb1a83e6d53a406f) Importer(815301076,1909f56bfc062723c751e8b465ee728b)  -> (artifact id: '0e585fc5cc142d7c2fe2d114059fa5cd') in 0.023990 seconds
Number of updated asset objects reloaded before import = 0
Number of asset objects unloaded after import = 2
========================================================================
Received Import Request.
  Time since last request: 0.000158 seconds.
  path: Assets/TirGames/SchoolScene/Scenes/SchoolSceneAbandoned/ReflectionProbe-12.exr
  artifactKey: Guid(4ccc89a8abe79584fb9853ca6244aacc) Importer(815301076,1909f56bfc062723c751e8b465ee728b)
Start importing Assets/TirGames/SchoolScene/Scenes/SchoolSceneAbandoned/ReflectionProbe-12.exr using Guid(4ccc89a8abe79584fb9853ca6244aacc) Importer(815301076,1909f56bfc062723c751e8b465ee728b)  -> (artifact id: '9db92a62b9e9a5d7c326aa36b8d112e9') in 0.026397 seconds
Number of updated asset objects reloaded before import = 0
Number of asset objects unloaded after import = 1
========================================================================
Received Import Request.
  Time since last request: 0.000156 seconds.
  path: Assets/TirGames/SchoolScene/Scenes/SchoolSceneAbandoned/ReflectionProbe-6.exr
  artifactKey: Guid(8939f821d0e1d6a4abba9cd6181a0a45) Importer(815301076,1909f56bfc062723c751e8b465ee728b)
Start importing Assets/TirGames/SchoolScene/Scenes/SchoolSceneAbandoned/ReflectionProbe-6.exr using Guid(8939f821d0e1d6a4abba9cd6181a0a45) Importer(815301076,1909f56bfc062723c751e8b465ee728b)  -> (artifact id: 'a4a1a92c4d50fe184dc39af87f5040f7') in 0.013237 seconds
Number of updated asset objects reloaded before import = 0
Number of asset objects unloaded after import = 1
========================================================================
Received Import Request.
  Time since last request: 0.000059 seconds.
  path: Assets/TirGames/SchoolScene/Scenes/SchoolSceneAbandoned/Lightmap-7_comp_light.exr
  artifactKey: Guid(fadf47a2903904b49bbe110200f67f87) Importer(815301076,1909f56bfc062723c751e8b465ee728b)
Start importing Assets/TirGames/SchoolScene/Scenes/SchoolSceneAbandoned/Lightmap-7_comp_light.exr using Guid(fadf47a2903904b49bbe110200f67f87) Importer(815301076,1909f56bfc062723c751e8b465ee728b)  -> (artifact id: 'b2b583584e02a1c3ce63a956583d048f') in 0.013314 seconds
Number of updated asset objects reloaded before import = 0
Number of asset objects unloaded after import = 2
========================================================================
Received Import Request.
  Time since last request: 0.000021 seconds.
  path: Assets/TirGames/SchoolScene/Scenes/SchoolSceneAbandoned/ReflectionProbe-14.exr
  artifactKey: Guid(0a28fd6a8b9b50645929234671a0649b) Importer(815301076,1909f56bfc062723c751e8b465ee728b)
Start importing Assets/TirGames/SchoolScene/Scenes/SchoolSceneAbandoned/ReflectionProbe-14.exr using Guid(0a28fd6a8b9b50645929234671a0649b) Importer(815301076,1909f56bfc062723c751e8b465ee728b)  -> (artifact id: 'd03c238f1eee5b6b6313c4fc0b997022') in 0.012895 seconds
Number of updated asset objects reloaded before import = 0
Number of asset objects unloaded after import = 1
========================================================================
Received Import Request.
  Time since last request: 0.000031 seconds.
  path: Assets/TirGames/SchoolScene/Scenes/SchoolSceneAbandoned/ReflectionProbe-29.exr
  artifactKey: Guid(decb85c422c2a204bbe4374cc3b9122e) Importer(815301076,1909f56bfc062723c751e8b465ee728b)
Start importing Assets/TirGames/SchoolScene/Scenes/SchoolSceneAbandoned/ReflectionProbe-29.exr using Guid(decb85c422c2a204bbe4374cc3b9122e) Importer(815301076,1909f56bfc062723c751e8b465ee728b)  -> (artifact id: 'bded1bf7f4702040275cb706f705ca52') in 0.011873 seconds
Number of updated asset objects reloaded before import = 0
Number of asset objects unloaded after import = 1
========================================================================
Received Import Request.
  Time since last request: 0.000048 seconds.
  path: Assets/TirGames/SchoolScene/Scenes/SchoolSceneAbandoned/ReflectionProbe-8.exr
  artifactKey: Guid(eb79666e4e2682c46af8f43101681523) Importer(815301076,1909f56bfc062723c751e8b465ee728b)
Start importing Assets/TirGames/SchoolScene/Scenes/SchoolSceneAbandoned/ReflectionProbe-8.exr using Guid(eb79666e4e2682c46af8f43101681523) Importer(815301076,1909f56bfc062723c751e8b465ee728b)  -> (artifact id: '7c69fc65173f4c1acdcc001fd6a89aed') in 0.012972 seconds
Number of updated asset objects reloaded before import = 0
Number of asset objects unloaded after import = 1
========================================================================
Received Import Request.
  Time since last request: 0.000017 seconds.
  path: Assets/TirGames/SchoolScene/Scenes/SchoolSceneAbandoned/ReflectionProbe-31.exr
  artifactKey: Guid(643233f86c1604b4380e72ff9d80d7dc) Importer(815301076,1909f56bfc062723c751e8b465ee728b)
Start importing Assets/TirGames/SchoolScene/Scenes/SchoolSceneAbandoned/ReflectionProbe-31.exr using Guid(643233f86c1604b4380e72ff9d80d7dc) Importer(815301076,1909f56bfc062723c751e8b465ee728b)  -> (artifact id: 'b0ed73a0d78613829184eabcc5566f18') in 0.012443 seconds
Number of updated asset objects reloaded before import = 0
Number of asset objects unloaded after import = 1
========================================================================
Received Import Request.
  Time since last request: 0.000030 seconds.
  path: Assets/TirGames/SchoolScene/Scenes/SchoolSceneAbandoned/Lightmap-11_comp_dir.png
  artifactKey: Guid(1092f7d1cef0a6541a75f7fc3088740f) Importer(815301076,1909f56bfc062723c751e8b465ee728b)
Start importing Assets/TirGames/SchoolScene/Scenes/SchoolSceneAbandoned/Lightmap-11_comp_dir.png using Guid(1092f7d1cef0a6541a75f7fc3088740f) Importer(815301076,1909f56bfc062723c751e8b465ee728b)  -> (artifact id: '7787dee97ee8106eb0f0d2ed62235014') in 0.013493 seconds
Number of updated asset objects reloaded before import = 0
Number of asset objects unloaded after import = 2
========================================================================
Received Import Request.
  Time since last request: 0.000015 seconds.
  path: Assets/TirGames/SchoolScene/Scenes/SchoolSceneAbandoned/ReflectionProbe-28.exr
  artifactKey: Guid(b66018f26ea59ba429a62fa2ac5572e6) Importer(815301076,1909f56bfc062723c751e8b465ee728b)
Start importing Assets/TirGames/SchoolScene/Scenes/SchoolSceneAbandoned/ReflectionProbe-28.exr using Guid(b66018f26ea59ba429a62fa2ac5572e6) Importer(815301076,1909f56bfc062723c751e8b465ee728b)  -> (artifact id: '0c95a9ea8291cbe33704cbbcf75710fc') in 0.012631 seconds
Number of updated asset objects reloaded before import = 0
Number of asset objects unloaded after import = 1
========================================================================
Received Import Request.
  Time since last request: 0.000015 seconds.
  path: Assets/TirGames/SchoolScene/Scenes/SchoolSceneAbandoned/Lightmap-1_comp_light.exr
  artifactKey: Guid(7f2902e48128d9242813b92447298c4d) Importer(815301076,1909f56bfc062723c751e8b465ee728b)
Start importing Assets/TirGames/SchoolScene/Scenes/SchoolSceneAbandoned/Lightmap-1_comp_light.exr using Guid(7f2902e48128d9242813b92447298c4d) Importer(815301076,1909f56bfc062723c751e8b465ee728b)  -> (artifact id: '603b981cd99d87df4dc507d101d0a031') in 0.011947 seconds
Number of updated asset objects reloaded before import = 0
Number of asset objects unloaded after import = 2
========================================================================
Received Import Request.
  Time since last request: 0.000049 seconds.
  path: Assets/TirGames/SchoolScene/Scenes/SchoolSceneAbandoned/ReflectionProbe-0.exr
  artifactKey: Guid(8d145b5b5dadd6d42950eb31604a698c) Importer(815301076,1909f56bfc062723c751e8b465ee728b)
Start importing Assets/TirGames/SchoolScene/Scenes/SchoolSceneAbandoned/ReflectionProbe-0.exr using Guid(8d145b5b5dadd6d42950eb31604a698c) Importer(815301076,1909f56bfc062723c751e8b465ee728b)  -> (artifact id: '515fe16d79e9a35f33f82b7c6664334a') in 0.012433 seconds
Number of updated asset objects reloaded before import = 0
Number of asset objects unloaded after import = 1
========================================================================
Received Import Request.
  Time since last request: 0.000014 seconds.
  path: Assets/TirGames/SchoolScene/Scenes/SchoolSceneAbandoned/ReflectionProbe-7.exr
  artifactKey: Guid(0628e51cae830254796cdfd1f8368967) Importer(815301076,1909f56bfc062723c751e8b465ee728b)
Start importing Assets/TirGames/SchoolScene/Scenes/SchoolSceneAbandoned/ReflectionProbe-7.exr using Guid(0628e51cae830254796cdfd1f8368967) Importer(815301076,1909f56bfc062723c751e8b465ee728b)  -> (artifact id: '85f334f1738cb2d6429781ecf53d04ad') in 0.017515 seconds
Number of updated asset objects reloaded before import = 0
Number of asset objects unloaded after import = 1
========================================================================
Received Import Request.
  Time since last request: 0.000016 seconds.
  path: Assets/TirGames/SchoolScene/Scenes/SchoolSceneAbandoned/ReflectionProbe-24.exr
  artifactKey: Guid(41a48678c008c6942a2dc1858987df9f) Importer(815301076,1909f56bfc062723c751e8b465ee728b)
Start importing Assets/TirGames/SchoolScene/Scenes/SchoolSceneAbandoned/ReflectionProbe-24.exr using Guid(41a48678c008c6942a2dc1858987df9f) Importer(815301076,1909f56bfc062723c751e8b465ee728b)  -> (artifact id: '38a56c3236cb0fca8be0ee358bcc6856') in 0.011841 seconds
Number of updated asset objects reloaded before import = 0
Number of asset objects unloaded after import = 1
========================================================================
Received Import Request.
  Time since last request: 0.000099 seconds.
  path: Assets/TirGames/SchoolScene/Scenes/SchoolSceneAbandoned/ReflectionProbe-20.exr
  artifactKey: Guid(1d5b59de91159914d8d1a81f345b3b18) Importer(815301076,1909f56bfc062723c751e8b465ee728b)
Start importing Assets/TirGames/SchoolScene/Scenes/SchoolSceneAbandoned/ReflectionProbe-20.exr using Guid(1d5b59de91159914d8d1a81f345b3b18) Importer(815301076,1909f56bfc062723c751e8b465ee728b)  -> (artifact id: '1f091dc125364f0e988d36ef8dfa01df') in 0.014084 seconds
Number of updated asset objects reloaded before import = 0
Number of asset objects unloaded after import = 1
========================================================================
Received Import Request.
  Time since last request: 0.000018 seconds.
  path: Assets/TirGames/SchoolScene/Scenes/SchoolSceneAbandoned/Lightmap-4_comp_light.exr
  artifactKey: Guid(6e7a33c89570dc6499068df9c7d04726) Importer(815301076,1909f56bfc062723c751e8b465ee728b)
Start importing Assets/TirGames/SchoolScene/Scenes/SchoolSceneAbandoned/Lightmap-4_comp_light.exr using Guid(6e7a33c89570dc6499068df9c7d04726) Importer(815301076,1909f56bfc062723c751e8b465ee728b)  -> (artifact id: 'd241055d0650c2b5b2938af69f6d7e17') in 0.013058 seconds
Number of updated asset objects reloaded before import = 0
Number of asset objects unloaded after import = 2
========================================================================
Received Import Request.
  Time since last request: 0.000014 seconds.
  path: Assets/TirGames/SchoolScene/Scenes/SchoolSceneAbandoned/Lightmap-2_comp_light.exr
  artifactKey: Guid(94702088af1d4bf459bf63cf8891f8c2) Importer(815301076,1909f56bfc062723c751e8b465ee728b)
Start importing Assets/TirGames/SchoolScene/Scenes/SchoolSceneAbandoned/Lightmap-2_comp_light.exr using Guid(94702088af1d4bf459bf63cf8891f8c2) Importer(815301076,1909f56bfc062723c751e8b465ee728b)  -> (artifact id: '847254294c46112b7c27bd6e3d6da035') in 0.012902 seconds
Number of updated asset objects reloaded before import = 0
Number of asset objects unloaded after import = 2
========================================================================
Received Import Request.
  Time since last request: 0.000016 seconds.
  path: Assets/TirGames/SchoolScene/Scenes/SchoolSceneAbandoned/Lightmap-4_comp_dir.png
  artifactKey: Guid(350ec80d9706f47468b4e83607550ff6) Importer(815301076,1909f56bfc062723c751e8b465ee728b)
Start importing Assets/TirGames/SchoolScene/Scenes/SchoolSceneAbandoned/Lightmap-4_comp_dir.png using Guid(350ec80d9706f47468b4e83607550ff6) Importer(815301076,1909f56bfc062723c751e8b465ee728b)  -> (artifact id: '175318df4387baef03512d4c449e8f21') in 0.012313 seconds
Number of updated asset objects reloaded before import = 0
Number of asset objects unloaded after import = 2
========================================================================
Received Import Request.
  Time since last request: 0.000097 seconds.
  path: Assets/TirGames/SchoolScene/Scenes/SchoolSceneAbandoned/ReflectionProbe-17.exr
  artifactKey: Guid(b61e629adcbb100439a12bd270f6613c) Importer(815301076,1909f56bfc062723c751e8b465ee728b)
Start importing Assets/TirGames/SchoolScene/Scenes/SchoolSceneAbandoned/ReflectionProbe-17.exr using Guid(b61e629adcbb100439a12bd270f6613c) Importer(815301076,1909f56bfc062723c751e8b465ee728b)  -> (artifact id: 'bc05169e26e004bebf972c6f161cc384') in 0.011393 seconds
Number of updated asset objects reloaded before import = 0
Number of asset objects unloaded after import = 1
========================================================================
Received Import Request.
  Time since last request: 0.000089 seconds.
  path: Assets/TirGames/SchoolScene/Scenes/SchoolSceneAbandoned/ReflectionProbe-19.exr
  artifactKey: Guid(91b3d40c627e7064b9d05b0c4db7b940) Importer(815301076,1909f56bfc062723c751e8b465ee728b)
Start importing Assets/TirGames/SchoolScene/Scenes/SchoolSceneAbandoned/ReflectionProbe-19.exr using Guid(91b3d40c627e7064b9d05b0c4db7b940) Importer(815301076,1909f56bfc062723c751e8b465ee728b)  -> (artifact id: '3e8e057b1b62c3fbe8005c01ea34c53e') in 0.012329 seconds
Number of updated asset objects reloaded before import = 0
Number of asset objects unloaded after import = 1
========================================================================
Received Import Request.
  Time since last request: 0.000017 seconds.
  path: Assets/TirGames/SchoolScene/Scenes/SchoolSceneAbandoned/ReflectionProbe-4.exr
  artifactKey: Guid(3c0b4b752316af8458f80bc9d9ff669a) Importer(815301076,1909f56bfc062723c751e8b465ee728b)
Start importing Assets/TirGames/SchoolScene/Scenes/SchoolSceneAbandoned/ReflectionProbe-4.exr using Guid(3c0b4b752316af8458f80bc9d9ff669a) Importer(815301076,1909f56bfc062723c751e8b465ee728b)  -> (artifact id: '33d8ea7f89fc67a519bd88b4a8e89ad6') in 0.012609 seconds
Number of updated asset objects reloaded before import = 0
Number of asset objects unloaded after import = 1
========================================================================
Received Import Request.
  Time since last request: 0.000093 seconds.
  path: Assets/TirGames/SchoolScene/Scenes/SchoolSceneAbandoned/Lightmap-6_comp_light.exr
  artifactKey: Guid(233e6fc01f780564484e1d4865aba8e4) Importer(815301076,1909f56bfc062723c751e8b465ee728b)
Start importing Assets/TirGames/SchoolScene/Scenes/SchoolSceneAbandoned/Lightmap-6_comp_light.exr using Guid(233e6fc01f780564484e1d4865aba8e4) Importer(815301076,1909f56bfc062723c751e8b465ee728b)  -> (artifact id: 'a080102c95f21aac315519424a480f84') in 0.012874 seconds
Number of updated asset objects reloaded before import = 0
Number of asset objects unloaded after import = 2
Editor requested this worker to shutdown with reason: Scaling down because of idle timeout
TcpMessagingSession - receive error: operation aborted. errorcode: 995, details: 由于线程退出或应用程序请求，已中止 I/O 操作。
AssetImportWorker is now disconnected from the server
Process exiting
Exiting without the bug reporter. Application will terminate with return code 0